[2024-04-08 22:24:15,079][flwr][INFO] - Starting Flower simulation, config: num_rounds=10, no round_timeout
[2024-04-08 22:24:17,164][flwr][INFO] - Flower VCE: Ray initialized with resources: {'memory': 2998124544.0, 'node:__internal_head__': 1.0, 'object_store_memory': 1499062272.0, 'node:127.0.0.1': 1.0, 'CPU': 8.0}
[2024-04-08 22:24:17,164][flwr][INFO] - Optimize your simulation with Flower VCE: https://flower.ai/docs/framework/how-to-run-simulations.html
[2024-04-08 22:24:17,164][flwr][INFO] - Flower VCE: Resources for each Virtual Client: {'num_cpus': 2, 'num_gpus': 0.0}
[2024-04-08 22:24:17,173][flwr][INFO] - Flower VCE: Creating VirtualClientEngineActorPool with 4 actors
[2024-04-08 22:24:17,174][flwr][INFO] - [INIT]
[2024-04-08 22:24:17,174][flwr][INFO] - Requesting initial parameters from one random client
[2024-04-08 22:24:18,276][flwr][INFO] - Received initial parameters from one random client
[2024-04-08 22:24:18,277][flwr][INFO] - Evaluating initial global parameters
[2024-04-08 22:24:56,860][flwr][INFO] - initial parameters (loss, other metrics): 188.82021951675415, {'accuracy': 0.0965}
[2024-04-08 22:24:56,861][flwr][INFO] - 
[2024-04-08 22:24:56,861][flwr][INFO] - [ROUND 1]
[2024-04-08 22:24:56,862][flwr][INFO] - configure_fit: strategy sampled 10 clients (out of 100)
[2024-04-08 22:25:19,066][flwr][INFO] - aggregate_fit: received 10 results and 0 failures
[2024-04-08 22:25:19,285][flwr][WARNING] - No fit_metrics_aggregation_fn provided
[2024-04-08 22:25:58,199][flwr][INFO] - fit progress: (1, 141.50404715538025, {'accuracy': 0.3478}, 61.338121959)
[2024-04-08 22:25:58,201][flwr][INFO] - configure_evaluate: strategy sampled 25 clients (out of 100)
[2024-04-08 22:26:14,574][flwr][INFO] - aggregate_evaluate: received 25 results and 0 failures
[2024-04-08 22:26:14,575][flwr][WARNING] - No evaluate_metrics_aggregation_fn provided
[2024-04-08 22:26:14,575][flwr][INFO] - 
[2024-04-08 22:26:14,575][flwr][INFO] - [ROUND 2]
[2024-04-08 22:26:14,576][flwr][INFO] - configure_fit: strategy sampled 10 clients (out of 100)
[2024-04-08 22:26:37,398][flwr][INFO] - aggregate_fit: received 10 results and 0 failures
[2024-04-08 22:27:16,172][flwr][INFO] - fit progress: (2, 69.21723425388336, {'accuracy': 0.7223}, 139.310317209)
[2024-04-08 22:27:16,172][flwr][INFO] - configure_evaluate: strategy sampled 25 clients (out of 100)
[2024-04-08 22:27:32,495][flwr][INFO] - aggregate_evaluate: received 25 results and 0 failures
[2024-04-08 22:27:32,496][flwr][INFO] - 
[2024-04-08 22:27:32,496][flwr][INFO] - [ROUND 3]
[2024-04-08 22:27:32,496][flwr][INFO] - configure_fit: strategy sampled 10 clients (out of 100)
[2024-04-08 22:27:53,809][flwr][INFO] - aggregate_fit: received 10 results and 0 failures
[2024-04-08 22:28:32,530][flwr][INFO] - fit progress: (3, 49.91082017123699, {'accuracy': 0.8008}, 215.668410709)
[2024-04-08 22:28:32,531][flwr][INFO] - configure_evaluate: strategy sampled 25 clients (out of 100)
[2024-04-08 22:28:49,904][flwr][INFO] - aggregate_evaluate: received 25 results and 0 failures
[2024-04-08 22:28:49,905][flwr][INFO] - 
[2024-04-08 22:28:49,905][flwr][INFO] - [ROUND 4]
[2024-04-08 22:28:49,905][flwr][INFO] - configure_fit: strategy sampled 10 clients (out of 100)
[2024-04-08 22:52:24,796][flwr][INFO] - aggregate_fit: received 10 results and 0 failures
[2024-04-08 22:53:04,364][flwr][INFO] - fit progress: (4, 37.782732501626015, {'accuracy': 0.8529}, 300.930725417)
[2024-04-08 22:53:04,365][flwr][INFO] - configure_evaluate: strategy sampled 25 clients (out of 100)
[2024-04-08 22:53:21,708][flwr][INFO] - aggregate_evaluate: received 25 results and 0 failures
[2024-04-08 22:53:21,709][flwr][INFO] - 
[2024-04-08 22:53:21,709][flwr][INFO] - [ROUND 5]
[2024-04-08 22:53:21,709][flwr][INFO] - configure_fit: strategy sampled 10 clients (out of 100)
[2024-04-08 22:53:43,886][flwr][INFO] - aggregate_fit: received 10 results and 0 failures
[2024-04-08 22:54:23,112][flwr][INFO] - fit progress: (5, 33.500808984041214, {'accuracy': 0.8691}, 379.67828737499997)
[2024-04-08 22:54:23,113][flwr][INFO] - configure_evaluate: strategy sampled 25 clients (out of 100)
[2024-04-08 22:54:39,749][flwr][INFO] - aggregate_evaluate: received 25 results and 0 failures
[2024-04-08 22:54:39,750][flwr][INFO] - 
[2024-04-08 22:54:39,750][flwr][INFO] - [ROUND 6]
[2024-04-08 22:54:39,750][flwr][INFO] - configure_fit: strategy sampled 10 clients (out of 100)
[2024-04-08 22:55:04,310][flwr][INFO] - aggregate_fit: received 10 results and 0 failures
[2024-04-08 22:55:44,330][flwr][INFO] - fit progress: (6, 31.740841414779425, {'accuracy': 0.8752}, 460.895377042)
[2024-04-08 22:55:44,331][flwr][INFO] - configure_evaluate: strategy sampled 25 clients (out of 100)
[2024-04-08 22:56:02,480][flwr][INFO] - aggregate_evaluate: received 25 results and 0 failures
[2024-04-08 22:56:02,481][flwr][INFO] - 
[2024-04-08 22:56:02,481][flwr][INFO] - [ROUND 7]
[2024-04-08 22:56:02,481][flwr][INFO] - configure_fit: strategy sampled 10 clients (out of 100)
[2024-04-08 22:56:25,298][flwr][INFO] - aggregate_fit: received 10 results and 0 failures
[2024-04-08 22:57:04,611][flwr][INFO] - fit progress: (7, 28.645252089947462, {'accuracy': 0.8875}, 541.174659292)
[2024-04-08 22:57:04,612][flwr][INFO] - configure_evaluate: strategy sampled 25 clients (out of 100)
[2024-04-08 22:57:22,121][flwr][INFO] - aggregate_evaluate: received 25 results and 0 failures
[2024-04-08 22:57:22,122][flwr][INFO] - 
[2024-04-08 22:57:22,122][flwr][INFO] - [ROUND 8]
[2024-04-08 22:57:22,123][flwr][INFO] - configure_fit: strategy sampled 10 clients (out of 100)
[2024-04-08 22:57:45,488][flwr][INFO] - aggregate_fit: received 10 results and 0 failures
[2024-04-08 22:58:24,621][flwr][INFO] - fit progress: (8, 26.491089891642332, {'accuracy': 0.8963}, 621.1837525420001)
[2024-04-08 22:58:24,622][flwr][INFO] - configure_evaluate: strategy sampled 25 clients (out of 100)
[2024-04-08 22:58:43,139][flwr][INFO] - aggregate_evaluate: received 25 results and 0 failures
[2024-04-08 22:58:43,139][flwr][INFO] - 
[2024-04-08 22:58:43,139][flwr][INFO] - [ROUND 9]
[2024-04-08 22:58:43,140][flwr][INFO] - configure_fit: strategy sampled 10 clients (out of 100)
[2024-04-08 22:59:10,173][flwr][INFO] - aggregate_fit: received 10 results and 0 failures
[2024-04-08 22:59:52,830][flwr][INFO] - fit progress: (9, 23.94495441392064, {'accuracy': 0.9043}, 709.391824375)
[2024-04-08 22:59:52,830][flwr][INFO] - configure_evaluate: strategy sampled 25 clients (out of 100)
[2024-04-08 23:00:13,140][flwr][INFO] - aggregate_evaluate: received 25 results and 0 failures
[2024-04-08 23:00:13,140][flwr][INFO] - 
[2024-04-08 23:00:13,140][flwr][INFO] - [ROUND 10]
[2024-04-08 23:00:13,141][flwr][INFO] - configure_fit: strategy sampled 10 clients (out of 100)
[2024-04-08 23:00:41,288][flwr][INFO] - aggregate_fit: received 10 results and 0 failures
[2024-04-08 23:01:24,031][flwr][INFO] - fit progress: (10, 25.07061126641929, {'accuracy': 0.8989}, 800.592236542)
[2024-04-08 23:01:24,032][flwr][INFO] - configure_evaluate: strategy sampled 25 clients (out of 100)
[2024-04-08 23:01:44,660][flwr][INFO] - aggregate_evaluate: received 25 results and 0 failures
[2024-04-08 23:01:44,696][flwr][INFO] - 
[2024-04-08 23:01:44,696][flwr][INFO] - [SUMMARY]
[2024-04-08 23:01:44,697][flwr][INFO] - Run finished 10 rounds in 821.22s
[2024-04-08 23:01:44,698][flwr][INFO] - History (loss, distributed):
[2024-04-08 23:01:44,699][flwr][INFO] - 	('\tround 1: 5.450432133674622\n'
[2024-04-08 23:01:44,699][flwr][INFO] - 	 '\tround 2: 2.892515934705734\n'
[2024-04-08 23:01:44,699][flwr][INFO] - 	 '\tround 3: 2.0331907689571382\n'
[2024-04-08 23:01:44,699][flwr][INFO] - 	 '\tround 4: 1.6024949091672898\n'
[2024-04-08 23:01:44,699][flwr][INFO] - 	 '\tround 5: 1.4707612383365631\n'
[2024-04-08 23:01:44,699][flwr][INFO] - 	 '\tround 6: 1.3214304804801942\n'
[2024-04-08 23:01:44,699][flwr][INFO] - 	 '\tround 7: 1.1532016786932946\n'
[2024-04-08 23:01:44,699][flwr][INFO] - 	 '\tround 8: 1.0876763367652893\n'
[2024-04-08 23:01:44,699][flwr][INFO] - 	 '\tround 9: 1.032337715923786\n'
[2024-04-08 23:01:44,699][flwr][INFO] - 	 '\tround 10: 1.1208219811320306\n')History (loss, centralized):
[2024-04-08 23:01:44,699][flwr][INFO] - 	('\tround 0: 188.82021951675415\n'
[2024-04-08 23:01:44,699][flwr][INFO] - 	 '\tround 1: 141.50404715538025\n'
[2024-04-08 23:01:44,699][flwr][INFO] - 	 '\tround 2: 69.21723425388336\n'
[2024-04-08 23:01:44,699][flwr][INFO] - 	 '\tround 3: 49.91082017123699\n'
[2024-04-08 23:01:44,699][flwr][INFO] - 	 '\tround 4: 37.782732501626015\n'
[2024-04-08 23:01:44,699][flwr][INFO] - 	 '\tround 5: 33.500808984041214\n'
[2024-04-08 23:01:44,699][flwr][INFO] - 	 '\tround 6: 31.740841414779425\n'
[2024-04-08 23:01:44,699][flwr][INFO] - 	 '\tround 7: 28.645252089947462\n'
[2024-04-08 23:01:44,699][flwr][INFO] - 	 '\tround 8: 26.491089891642332\n'
[2024-04-08 23:01:44,699][flwr][INFO] - 	 '\tround 9: 23.94495441392064\n'
[2024-04-08 23:01:44,699][flwr][INFO] - 	 '\tround 10: 25.07061126641929\n')History (metrics, centralized):
[2024-04-08 23:01:44,699][flwr][INFO] - 	{'accuracy': [(0, 0.0965),
[2024-04-08 23:01:44,699][flwr][INFO] - 	              (1, 0.3478),
[2024-04-08 23:01:44,699][flwr][INFO] - 	              (2, 0.7223),
[2024-04-08 23:01:44,699][flwr][INFO] - 	              (3, 0.8008),
[2024-04-08 23:01:44,699][flwr][INFO] - 	              (4, 0.8529),
[2024-04-08 23:01:44,699][flwr][INFO] - 	              (5, 0.8691),
[2024-04-08 23:01:44,699][flwr][INFO] - 	              (6, 0.8752),
[2024-04-08 23:01:44,699][flwr][INFO] - 	              (7, 0.8875),
[2024-04-08 23:01:44,699][flwr][INFO] - 	              (8, 0.8963),
[2024-04-08 23:01:44,700][flwr][INFO] - 	              (9, 0.9043),
[2024-04-08 23:01:44,700][flwr][INFO] - 	              (10, 0.8989)]}
[2024-04-08 23:01:44,700][flwr][INFO] - 
